<?xml version="1.0" encoding="UTF-8"?>
<testsuite name="com.barmi.app.store.StoreMemberAdminServiceTest" tests="2" skipped="0" failures="0" errors="0" timestamp="2026-03-14T11:10:12" hostname="anita-IdeaPad-3-14IIL05" time="1.88">
  <properties/>
  <testcase name="adminCannotCreateOwnerMembership()" classname="com.barmi.app.store.StoreMemberAdminServiceTest" time="1.849"/>
  <testcase name="cannotDeactivateLastActiveOwner()" classname="com.barmi.app.store.StoreMemberAdminServiceTest" time="0.02"/>
  <system-out><![CDATA[]]></system-out>
  <system-err><![CDATA[WARNING: A Java agent has been loaded dynamically (/home/anita/.gradle/caches/modules-2/files-2.1/net.bytebuddy/byte-buddy-agent/1.14.19/154da3a65b4f4a909d3e5bdec55d1b2b4cbb6ce1/byte-buddy-agent-1.14.19.jar)
WARNING: If a serviceability tool is in use, please run with -XX:+EnableDynamicAgentLoading to hide this warning
WARNING: If a serviceability tool is not in use, please run with -Djdk.instrument.traceUsage for more information
WARNING: Dynamic loading of agents will be disallowed by default in a future release
]]></system-err>
</testsuite>
